Using pre-set license

 COMMAND LINE ARGUMENTS:
/Applications/Unity/Hub/Editor/2020.3.6f1/Unity.app/Contents/MacOS/Unity
-adb2
-batchMode
-noUpm
-name
AssetImportWorker0
-projectPath
/Users/Main/Documents/CodingMindsUnity/Unity 2 Module 3 - Unity Exercises
-logFile
Logs/AssetImportWorker0.log
-srvPort
65050
Successfully changed project path to: /Users/Main/Documents/CodingMindsUnity/Unity 2 Module 3 - Unity Exercises
/Users/Main/Documents/CodingMindsUnity/Unity 2 Module 3 - Unity Exercises
Using Asset Import Pipeline V2.
Refreshing native plugins compatible for Editor in 30.22 ms, found 1 plugins.
Preloading 0 native plugins for Editor in 0.00 ms.
Initialize engine version: 2020.3.6f1 (338bb68529b2)
[Subsystems] Discovering subsystems at path /Applications/Unity/Hub/Editor/2020.3.6f1/Unity.app/Contents/Resources/UnitySubsystems
[Subsystems] Discovering subsystems at path /Users/Main/Documents/CodingMindsUnity/Unity 2 Module 3 - Unity Exercises/Assets
GfxDevice: creating device client; threaded=0
2021-05-18 21:20:18.926 Unity[50108:3221689] Color LCD preferred device: Intel Iris Pro Graphics (low power)
2021-05-18 21:20:18.926 Unity[50108:3221689] Metal devices available: 2
2021-05-18 21:20:18.926 Unity[50108:3221689] 0: AMD Radeon R9 M370X (high power)
2021-05-18 21:20:18.926 Unity[50108:3221689] 1: Intel Iris Pro Graphics (low power)
2021-05-18 21:20:18.927 Unity[50108:3221689] Using device AMD Radeon R9 M370X (high power)
Initializing Metal device caps: AMD Radeon R9 M370X
Initialize mono
Mono path[0] = '/Applications/Unity/Hub/Editor/2020.3.6f1/Unity.app/Contents/Managed'
Mono path[1] = '/Applications/Unity/Hub/Editor/2020.3.6f1/Unity.app/Contents/MonoBleedingEdge/lib/mono/unityjit'
Mono config path = '/Applications/Unity/Hub/Editor/2020.3.6f1/Unity.app/Contents/MonoBleedingEdge/etc'
Using monoOptions --debugger-agent=transport=dt_socket,embedding=1,server=y,suspend=n,address=127.0.0.1:56108
Begin MonoManager ReloadAssembly
Registering precompiled unity dll's ...
Register platform support module: /Applications/Unity/Hub/Editor/2020.3.6f1/Unity.app/Contents/PlaybackEngines/MacStandaloneSupport/UnityEditor.OSXStandalone.Extensions.dll
Registered in 0.000637 seconds.
Native extension for OSXStandalone target not found
Refreshing native plugins compatible for Editor in 25.82 ms, found 1 plugins.
Preloading 0 native plugins for Editor in 0.00 ms.
Mono: successfully reloaded assembly
- Completed reload, in  1.915 seconds
Platform modules already initialized, skipping
Registering precompiled user dll's ...
Registered in 0.000647 seconds.
Begin MonoManager ReloadAssembly
Native extension for OSXStandalone target not found
Refreshing native plugins compatible for Editor in 0.25 ms, found 1 plugins.
Preloading 0 native plugins for Editor in 0.00 ms.
Mono: successfully reloaded assembly
- Completed reload, in  1.159 seconds
Platform modules already initialized, skipping
========================================================================
Worker process is ready to serve import requests
Launching external process: /Applications/Unity/Hub/Editor/2020.3.6f1/Unity.app/Contents/Tools/UnityShaderCompiler
Launched and connected shader compiler UnityShaderCompiler after 0.02 seconds
Refreshing native plugins compatible for Editor in 0.24 ms, found 1 plugins.
Preloading 0 native plugins for Editor in 0.00 ms.
Unloading 1115 Unused Serialized files (Serialized files now loaded: 0)
System memory in use before: 107.5 MB.
System memory in use after: 107.6 MB.

Unloading 10 unused Assets to reduce memory usage. Loaded Objects now: 1557.
Total: 3.337137 ms (FindLiveObjects: 0.397906 ms CreateObjectMapping: 0.076527 ms MarkObjects: 2.754442 ms  DeleteObjects: 0.106143 ms)

========================================================================
Received Import Request.
  path: Assets/Scenes
  artifactKey: Guid(76851413c61e34d058a727b58f71b6a4) Importer(815301076,1909f56bfc062723c751e8b465ee728b)
Start importing Assets/Scenes using Guid(76851413c61e34d058a727b58f71b6a4) Importer(815301076,1909f56bfc062723c751e8b465ee728b)  -> (artifact id: '1fb1b641cde3efa87323ceabcac79b86') in 0.005263 seconds
  Import took 0.008776 seconds .

========================================================================
Received Import Request.
  Time since last request: 0.000308 seconds.
  path: Assets/Scenes/SampleScene.unity
  artifactKey: Guid(9fc0d4010bbf28b4594072e72b8655ab) Importer(815301076,1909f56bfc062723c751e8b465ee728b)
Start importing Assets/Scenes/SampleScene.unity using Guid(9fc0d4010bbf28b4594072e72b8655ab) Importer(815301076,1909f56bfc062723c751e8b465ee728b)  -> (artifact id: '3106d81e14175b7109796116b50b2db6') in 0.009331 seconds
  Import took 0.012073 seconds .

========================================================================
Received Import Request.
  Time since last request: 4.180169 seconds.
  path: Assets/Scenes/MainMenu.unity
  artifactKey: Guid(9fc0d4010bbf28b4594072e72b8655ab) Importer(815301076,1909f56bfc062723c751e8b465ee728b)
Start importing Assets/Scenes/MainMenu.unity using Guid(9fc0d4010bbf28b4594072e72b8655ab) Importer(815301076,1909f56bfc062723c751e8b465ee728b)  -> (artifact id: '039e49b4306401433f1cf38e3567fa17') in 0.001591 seconds
  Import took 0.004717 seconds .

