Using pre-set license

 COMMAND LINE ARGUMENTS:
/Applications/Unity/Hub/Editor/2020.3.6f1/Unity.app/Contents/MacOS/Unity
-adb2
-batchMode
-noUpm
-name
AssetImportWorker0
-projectPath
/Users/Main/Documents/CodingMindsUnity/Unity 2 Module 3 - Unity Exercises
-logFile
Logs/AssetImportWorker0.log
-srvPort
65050
Successfully changed project path to: /Users/Main/Documents/CodingMindsUnity/Unity 2 Module 3 - Unity Exercises
/Users/Main/Documents/CodingMindsUnity/Unity 2 Module 3 - Unity Exercises
Using Asset Import Pipeline V2.
Refreshing native plugins compatible for Editor in 30.22 ms, found 1 plugins.
Preloading 0 native plugins for Editor in 0.00 ms.
Initialize engine version: 2020.3.6f1 (338bb68529b2)
[Subsystems] Discovering subsystems at path /Applications/Unity/Hub/Editor/2020.3.6f1/Unity.app/Contents/Resources/UnitySubsystems
[Subsystems] Discovering subsystems at path /Users/Main/Documents/CodingMindsUnity/Unity 2 Module 3 - Unity Exercises/Assets
GfxDevice: creating device client; threaded=0
2021-05-18 21:20:18.926 Unity[50108:3221689] Color LCD preferred device: Intel Iris Pro Graphics (low power)
2021-05-18 21:20:18.926 Unity[50108:3221689] Metal devices available: 2
2021-05-18 21:20:18.926 Unity[50108:3221689] 0: AMD Radeon R9 M370X (high power)
2021-05-18 21:20:18.926 Unity[50108:3221689] 1: Intel Iris Pro Graphics (low power)
2021-05-18 21:20:18.927 Unity[50108:3221689] Using device AMD Radeon R9 M370X (high power)
Initializing Metal device caps: AMD Radeon R9 M370X
Initialize mono
Mono path[0] = '/Applications/Unity/Hub/Editor/2020.3.6f1/Unity.app/Contents/Managed'
Mono path[1] = '/Applications/Unity/Hub/Editor/2020.3.6f1/Unity.app/Contents/MonoBleedingEdge/lib/mono/unityjit'
Mono config path = '/Applications/Unity/Hub/Editor/2020.3.6f1/Unity.app/Contents/MonoBleedingEdge/etc'
Using monoOptions --debugger-agent=transport=dt_socket,embedding=1,server=y,suspend=n,address=127.0.0.1:56108
Begin MonoManager ReloadAssembly
Registering precompiled unity dll's ...
Register platform support module: /Applications/Unity/Hub/Editor/2020.3.6f1/Unity.app/Contents/PlaybackEngines/MacStandaloneSupport/UnityEditor.OSXStandalone.Extensions.dll
Registered in 0.000637 seconds.
Native extension for OSXStandalone target not found
Refreshing native plugins compatible for Editor in 25.82 ms, found 1 plugins.
Preloading 0 native plugins for Editor in 0.00 ms.
Mono: successfully reloaded assembly
- Completed reload, in  1.915 seconds
Platform modules already initialized, skipping
Registering precompiled user dll's ...
Registered in 0.000647 seconds.
Begin MonoManager ReloadAssembly
Native extension for OSXStandalone target not found
Refreshing native plugins compatible for Editor in 0.25 ms, found 1 plugins.
Preloading 0 native plugins for Editor in 0.00 ms.
Mono: successfully reloaded assembly
- Completed reload, in  1.159 seconds
Platform modules already initialized, skipping
========================================================================
Worker process is ready to serve import requests
Launching external process: /Applications/Unity/Hub/Editor/2020.3.6f1/Unity.app/Contents/Tools/UnityShaderCompiler
Launched and connected shader compiler UnityShaderCompiler after 0.02 seconds
Refreshing native plugins compatible for Editor in 0.24 ms, found 1 plugins.
Preloading 0 native plugins for Editor in 0.00 ms.
Unloading 1115 Unused Serialized files (Serialized files now loaded: 0)
System memory in use before: 107.5 MB.
System memory in use after: 107.6 MB.

Unloading 10 unused Assets to reduce memory usage. Loaded Objects now: 1557.
Total: 3.337137 ms (FindLiveObjects: 0.397906 ms CreateObjectMapping: 0.076527 ms MarkObjects: 2.754442 ms  DeleteObjects: 0.106143 ms)

========================================================================
Received Import Request.
  path: Assets/Scenes
  artifactKey: Guid(76851413c61e34d058a727b58f71b6a4) Importer(815301076,1909f56bfc062723c751e8b465ee728b)
Start importing Assets/Scenes using Guid(76851413c61e34d058a727b58f71b6a4) Importer(815301076,1909f56bfc062723c751e8b465ee728b)  -> (artifact id: '1fb1b641cde3efa87323ceabcac79b86') in 0.005263 seconds
  Import took 0.008776 seconds .

========================================================================
Received Import Request.
  Time since last request: 0.000308 seconds.
  path: Assets/Scenes/SampleScene.unity
  artifactKey: Guid(9fc0d4010bbf28b4594072e72b8655ab) Importer(815301076,1909f56bfc062723c751e8b465ee728b)
Start importing Assets/Scenes/SampleScene.unity using Guid(9fc0d4010bbf28b4594072e72b8655ab) Importer(815301076,1909f56bfc062723c751e8b465ee728b)  -> (artifact id: '3106d81e14175b7109796116b50b2db6') in 0.009331 seconds
  Import took 0.012073 seconds .

========================================================================
Received Import Request.
  Time since last request: 4.180169 seconds.
  path: Assets/Scenes/MainMenu.unity
  artifactKey: Guid(9fc0d4010bbf28b4594072e72b8655ab) Importer(815301076,1909f56bfc062723c751e8b465ee728b)
Start importing Assets/Scenes/MainMenu.unity using Guid(9fc0d4010bbf28b4594072e72b8655ab) Importer(815301076,1909f56bfc062723c751e8b465ee728b)  -> (artifact id: '039e49b4306401433f1cf38e3567fa17') in 0.001591 seconds
  Import took 0.004717 seconds .

========================================================================
Received Import Request.
  Time since last request: 132.088443 seconds.
  path: Assets/LevelChanagerScript.cs
  artifactKey: Guid(8d390f1437fca47f1a0ec37054ade1e0) Importer(815301076,1909f56bfc062723c751e8b465ee728b)
Start importing Assets/LevelChanagerScript.cs using Guid(8d390f1437fca47f1a0ec37054ade1e0) Importer(815301076,1909f56bfc062723c751e8b465ee728b)  -> (artifact id: '5a9b633ab6f3c9f92ac3f90fb21d801c') in 0.413095 seconds
  Import took 0.415939 seconds .

========================================================================
Received Prepare
Registering precompiled user dll's ...
Registered in 0.000375 seconds.
Begin MonoManager ReloadAssembly
Native extension for OSXStandalone target not found
Refreshing native plugins compatible for Editor in 0.24 ms, found 1 plugins.
Preloading 0 native plugins for Editor in 0.00 ms.
Mono: successfully reloaded assembly
- Completed reload, in  1.018 seconds
Platform modules already initialized, skipping
Refreshing native plugins compatible for Editor in 0.24 ms, found 1 plugins.
Preloading 0 native plugins for Editor in 0.00 ms.
Unloading 1111 Unused Serialized files (Serialized files now loaded: 0)
System memory in use before: 112.1 MB.
System memory in use after: 112.2 MB.

Unloading 5 unused Assets to reduce memory usage. Loaded Objects now: 1561.
Total: 2.319604 ms (FindLiveObjects: 0.236648 ms CreateObjectMapping: 0.054512 ms MarkObjects: 1.956328 ms  DeleteObjects: 0.070717 ms)

========================================================================
Received Import Request.
  Time since last request: 21.258499 seconds.
  path: Assets/QuitGameScript.cs
  artifactKey: Guid(d333eab852eb441a3a8f7fad8f67f2b0) Importer(815301076,1909f56bfc062723c751e8b465ee728b)
Start importing Assets/QuitGameScript.cs using Guid(d333eab852eb441a3a8f7fad8f67f2b0) Importer(815301076,1909f56bfc062723c751e8b465ee728b)  -> (artifact id: '9e2337a51d9e3a03aa5a2a3c09f44b5a') in 0.008876 seconds
  Import took 0.011915 seconds .

========================================================================
Received Prepare
Registering precompiled user dll's ...
Registered in 0.000451 seconds.
Begin MonoManager ReloadAssembly
Native extension for OSXStandalone target not found
Refreshing native plugins compatible for Editor in 0.23 ms, found 1 plugins.
Preloading 0 native plugins for Editor in 0.00 ms.
Mono: successfully reloaded assembly
- Completed reload, in  1.010 seconds
Platform modules already initialized, skipping
Refreshing native plugins compatible for Editor in 0.17 ms, found 1 plugins.
Preloading 0 native plugins for Editor in 0.00 ms.
Unloading 1112 Unused Serialized files (Serialized files now loaded: 0)
System memory in use before: 112.5 MB.
System memory in use after: 112.6 MB.

Unloading 5 unused Assets to reduce memory usage. Loaded Objects now: 1565.
Total: 2.115159 ms (FindLiveObjects: 0.249451 ms CreateObjectMapping: 0.041716 ms MarkObjects: 1.760453 ms  DeleteObjects: 0.062200 ms)

========================================================================
Received Import Request.
  Time since last request: 7.426208 seconds.
  path: Assets/Scripts
  artifactKey: Guid(2687c529fb864428a89c1ad897230c45) Importer(815301076,1909f56bfc062723c751e8b465ee728b)
Start importing Assets/Scripts using Guid(2687c529fb864428a89c1ad897230c45) Importer(815301076,1909f56bfc062723c751e8b465ee728b)  -> (artifact id: 'd5fffe9469462d4b8a226524c3d87e99') in 0.005586 seconds
  Import took 0.008475 seconds .

========================================================================
Received Import Request.
  Time since last request: 0.008461 seconds.
  path: Assets/Scripts
  artifactKey: Guid(2687c529fb864428a89c1ad897230c45) Importer(815301076,1909f56bfc062723c751e8b465ee728b)
Start importing Assets/Scripts using Guid(2687c529fb864428a89c1ad897230c45) Importer(815301076,1909f56bfc062723c751e8b465ee728b)  -> (artifact id: 'd5fffe9469462d4b8a226524c3d87e99') in 0.001582 seconds
  Import took 0.004274 seconds .

========================================================================
Received Prepare
Registering precompiled user dll's ...
Registered in 0.000392 seconds.
Begin MonoManager ReloadAssembly
Native extension for OSXStandalone target not found
Refreshing native plugins compatible for Editor in 0.30 ms, found 1 plugins.
Preloading 0 native plugins for Editor in 0.00 ms.
Mono: successfully reloaded assembly
- Completed reload, in  1.009 seconds
Platform modules already initialized, skipping
Refreshing native plugins compatible for Editor in 0.24 ms, found 1 plugins.
Preloading 0 native plugins for Editor in 0.00 ms.
Unloading 1112 Unused Serialized files (Serialized files now loaded: 0)
System memory in use before: 112.8 MB.
System memory in use after: 112.8 MB.

Unloading 5 unused Assets to reduce memory usage. Loaded Objects now: 1568.
Total: 2.053789 ms (FindLiveObjects: 0.234358 ms CreateObjectMapping: 0.051620 ms MarkObjects: 1.703762 ms  DeleteObjects: 0.060132 ms)

========================================================================
Received Import Request.
  Time since last request: 8.884985 seconds.
  path: Assets/Scenes/MainMenu.unity
  artifactKey: Guid(9fc0d4010bbf28b4594072e72b8655ab) Importer(815301076,1909f56bfc062723c751e8b465ee728b)
Start importing Assets/Scenes/MainMenu.unity using Guid(9fc0d4010bbf28b4594072e72b8655ab) Importer(815301076,1909f56bfc062723c751e8b465ee728b)  -> (artifact id: '7617f4f71ab69cdf1a60326bd060c910') in 0.016358 seconds
  Import took 0.019295 seconds .

========================================================================
Received Prepare
Registering precompiled user dll's ...
Registered in 0.000369 seconds.
Begin MonoManager ReloadAssembly
Native extension for OSXStandalone target not found
Refreshing native plugins compatible for Editor in 0.30 ms, found 1 plugins.
Preloading 0 native plugins for Editor in 0.00 ms.
Mono: successfully reloaded assembly
- Completed reload, in  1.106 seconds
Platform modules already initialized, skipping
Refreshing native plugins compatible for Editor in 0.28 ms, found 1 plugins.
Preloading 0 native plugins for Editor in 0.00 ms.
Unloading 1159 Unused Serialized files (Serialized files now loaded: 0)
System memory in use before: 116.0 MB.
System memory in use after: 115.4 MB.

Unloading 18 unused Assets to reduce memory usage. Loaded Objects now: 1605.
Total: 2.790198 ms (FindLiveObjects: 0.244145 ms CreateObjectMapping: 0.056386 ms MarkObjects: 2.003178 ms  DeleteObjects: 0.484892 ms)

========================================================================
Received Import Request.
  Time since last request: 246.242570 seconds.
  path: Assets/New Prefab.prefab
  artifactKey: Guid(0b82887027d754a2fbcc63164c29da5e) Importer(815301076,1909f56bfc062723c751e8b465ee728b)
Start importing Assets/New Prefab.prefab using Guid(0b82887027d754a2fbcc63164c29da5e) Importer(815301076,1909f56bfc062723c751e8b465ee728b)  -> (artifact id: '8aefc0ce1ce85a907d9b1526a0097081') in 1.439687 seconds
  Import took 1.442567 seconds .

========================================================================
Received Import Request.
  Time since last request: 6.555913 seconds.
  path: Assets/Prefabs
  artifactKey: Guid(c7e2f7067c906400a9cdae337cfe0c46) Importer(815301076,1909f56bfc062723c751e8b465ee728b)
Start importing Assets/Prefabs using Guid(c7e2f7067c906400a9cdae337cfe0c46) Importer(815301076,1909f56bfc062723c751e8b465ee728b)  -> (artifact id: '97545c4911e106c9aa02bba14f87bb50') in 0.001869 seconds
  Import took 0.004702 seconds .

========================================================================
Received Import Request.
  Time since last request: 3.453097 seconds.
  path: Assets/Prefabs/MiniGame Button (1).prefab
  artifactKey: Guid(9a5bc37901e504a4cadf70979c9c75f6) Importer(815301076,1909f56bfc062723c751e8b465ee728b)
Start importing Assets/Prefabs/MiniGame Button (1).prefab using Guid(9a5bc37901e504a4cadf70979c9c75f6) Importer(815301076,1909f56bfc062723c751e8b465ee728b)  -> (artifact id: '5956303b15f667e669ac7889c56045df') in 0.093863 seconds
  Import took 0.097150 seconds .

========================================================================
Received Import Request.
  Time since last request: 5.695777 seconds.
  path: Assets/Prefabs/MiniGame Button.prefab
  artifactKey: Guid(9a5bc37901e504a4cadf70979c9c75f6) Importer(815301076,1909f56bfc062723c751e8b465ee728b)
Start importing Assets/Prefabs/MiniGame Button.prefab using Guid(9a5bc37901e504a4cadf70979c9c75f6) Importer(815301076,1909f56bfc062723c751e8b465ee728b)  -> (artifact id: '2d216521950a88f91bb520ae40fff4a7') in 0.017756 seconds
  Import took 0.020380 seconds .

========================================================================
Received Import Request.
  Time since last request: 0.023406 seconds.
  path: Assets/Prefabs/MiniGame Button.prefab
  artifactKey: Guid(9a5bc37901e504a4cadf70979c9c75f6) Importer(815301076,1909f56bfc062723c751e8b465ee728b)
Start importing Assets/Prefabs/MiniGame Button.prefab using Guid(9a5bc37901e504a4cadf70979c9c75f6) Importer(815301076,1909f56bfc062723c751e8b465ee728b)  -> (artifact id: '2d216521950a88f91bb520ae40fff4a7') in 0.020478 seconds
  Import took 0.023855 seconds .

========================================================================
Received Import Request.
  Time since last request: 18.974443 seconds.
  path: Assets/Prefabs/MiniGame Button.prefab
  artifactKey: Guid(9a5bc37901e504a4cadf70979c9c75f6) Importer(815301076,1909f56bfc062723c751e8b465ee728b)
Start importing Assets/Prefabs/MiniGame Button.prefab using Guid(9a5bc37901e504a4cadf70979c9c75f6) Importer(815301076,1909f56bfc062723c751e8b465ee728b)  -> (artifact id: '0c97858d3aa556aff6417f5ec537028c') in 0.021793 seconds
  Import took 0.024976 seconds .

========================================================================
Received Import Request.
  Time since last request: 10.204777 seconds.
  path: Assets/Prefabs/MiniGame Button.prefab
  artifactKey: Guid(9a5bc37901e504a4cadf70979c9c75f6) Importer(815301076,1909f56bfc062723c751e8b465ee728b)
Start importing Assets/Prefabs/MiniGame Button.prefab using Guid(9a5bc37901e504a4cadf70979c9c75f6) Importer(815301076,1909f56bfc062723c751e8b465ee728b)  -> (artifact id: 'e6431d879aa7550a606553594389abee') in 0.031397 seconds
  Import took 0.035721 seconds .

========================================================================
Received Import Request.
  Time since last request: 1.891688 seconds.
  path: Assets/Prefabs/MiniGame Button.prefab
  artifactKey: Guid(9a5bc37901e504a4cadf70979c9c75f6) Importer(815301076,1909f56bfc062723c751e8b465ee728b)
Start importing Assets/Prefabs/MiniGame Button.prefab using Guid(9a5bc37901e504a4cadf70979c9c75f6) Importer(815301076,1909f56bfc062723c751e8b465ee728b)  -> (artifact id: 'b40ec47491daffb9a083d93c9ade2c94') in 0.023717 seconds
  Import took 0.026970 seconds .

========================================================================
Received Import Request.
  Time since last request: 6.861535 seconds.
  path: Assets/Prefabs/MiniGame Button.prefab
  artifactKey: Guid(9a5bc37901e504a4cadf70979c9c75f6) Importer(815301076,1909f56bfc062723c751e8b465ee728b)
Start importing Assets/Prefabs/MiniGame Button.prefab using Guid(9a5bc37901e504a4cadf70979c9c75f6) Importer(815301076,1909f56bfc062723c751e8b465ee728b)  -> (artifact id: '04a6eefafbb2ab7626fcf765e7793e21') in 0.022639 seconds
  Import took 0.025550 seconds .

========================================================================
Received Import Request.
  Time since last request: 14.246906 seconds.
  path: Assets/Prefabs/MiniGame Button.prefab
  artifactKey: Guid(9a5bc37901e504a4cadf70979c9c75f6) Importer(815301076,1909f56bfc062723c751e8b465ee728b)
Start importing Assets/Prefabs/MiniGame Button.prefab using Guid(9a5bc37901e504a4cadf70979c9c75f6) Importer(815301076,1909f56bfc062723c751e8b465ee728b)  -> (artifact id: 'b0af883da3958fe9cd435fbd84b2d91b') in 0.024933 seconds
  Import took 0.028764 seconds .

========================================================================
Received Import Request.
  Time since last request: 12.161214 seconds.
  path: Assets/Prefabs/MiniGame Button.prefab
  artifactKey: Guid(9a5bc37901e504a4cadf70979c9c75f6) Importer(815301076,1909f56bfc062723c751e8b465ee728b)
Start importing Assets/Prefabs/MiniGame Button.prefab using Guid(9a5bc37901e504a4cadf70979c9c75f6) Importer(815301076,1909f56bfc062723c751e8b465ee728b)  -> (artifact id: '272b64aaa101a752f404127223953a8e') in 0.028359 seconds
  Import took 0.030964 seconds .

========================================================================
Received Import Request.
  Time since last request: 4.065408 seconds.
  path: Assets/Prefabs/MiniGame Button.prefab
  artifactKey: Guid(9a5bc37901e504a4cadf70979c9c75f6) Importer(815301076,1909f56bfc062723c751e8b465ee728b)
Start importing Assets/Prefabs/MiniGame Button.prefab using Guid(9a5bc37901e504a4cadf70979c9c75f6) Importer(815301076,1909f56bfc062723c751e8b465ee728b)  -> (artifact id: '926c06e13f4f8a217d8b580c30813557') in 0.024675 seconds
  Import took 0.027263 seconds .

========================================================================
Received Import Request.
  Time since last request: 4.403316 seconds.
  path: Assets/Prefabs/MiniGame Button.prefab
  artifactKey: Guid(9a5bc37901e504a4cadf70979c9c75f6) Importer(815301076,1909f56bfc062723c751e8b465ee728b)
Start importing Assets/Prefabs/MiniGame Button.prefab using Guid(9a5bc37901e504a4cadf70979c9c75f6) Importer(815301076,1909f56bfc062723c751e8b465ee728b)  -> (artifact id: '2fdb66bf3e8dd399efff36ef7807f19e') in 0.022824 seconds
  Import took 0.025846 seconds .

========================================================================
Received Import Request.
  Time since last request: 158.519102 seconds.
  path: Assets/Scripts/LevelLoaderScript.cs
  artifactKey: Guid(aecc8ea6f89cc40d1ab9ee55c371d653) Importer(815301076,1909f56bfc062723c751e8b465ee728b)
Start importing Assets/Scripts/LevelLoaderScript.cs using Guid(aecc8ea6f89cc40d1ab9ee55c371d653) Importer(815301076,1909f56bfc062723c751e8b465ee728b)  -> (artifact id: '41c0a945049fa2fbecd784a3a58624a8') in 0.002937 seconds
  Import took 0.005096 seconds .

========================================================================
Received Import Request.
  Time since last request: 0.000364 seconds.
  path: Assets/Scripts/LevelLoaderScript.cs
  artifactKey: Guid(aecc8ea6f89cc40d1ab9ee55c371d653) Importer(815301076,1909f56bfc062723c751e8b465ee728b)
Start importing Assets/Scripts/LevelLoaderScript.cs using Guid(aecc8ea6f89cc40d1ab9ee55c371d653) Importer(815301076,1909f56bfc062723c751e8b465ee728b)  -> (artifact id: '41c0a945049fa2fbecd784a3a58624a8') in 0.001669 seconds
  Import took 0.003984 seconds .

========================================================================
Received Prepare
Registering precompiled user dll's ...
Registered in 0.000443 seconds.
Begin MonoManager ReloadAssembly
Native extension for OSXStandalone target not found
Refreshing native plugins compatible for Editor in 0.27 ms, found 1 plugins.
Preloading 0 native plugins for Editor in 0.00 ms.
Mono: successfully reloaded assembly
- Completed reload, in  1.026 seconds
Platform modules already initialized, skipping
Refreshing native plugins compatible for Editor in 0.28 ms, found 1 plugins.
Preloading 0 native plugins for Editor in 0.00 ms.
Unloading 1160 Unused Serialized files (Serialized files now loaded: 0)
System memory in use before: 120.5 MB.
System memory in use after: 120.0 MB.

Unloading 19 unused Assets to reduce memory usage. Loaded Objects now: 1609.
Total: 2.639109 ms (FindLiveObjects: 0.185882 ms CreateObjectMapping: 0.052446 ms MarkObjects: 1.921047 ms  DeleteObjects: 0.477898 ms)

========================================================================
Received Prepare
Registering precompiled user dll's ...
Registered in 0.000374 seconds.
Begin MonoManager ReloadAssembly
Native extension for OSXStandalone target not found
Refreshing native plugins compatible for Editor in 0.27 ms, found 1 plugins.
Preloading 0 native plugins for Editor in 0.00 ms.
Mono: successfully reloaded assembly
- Completed reload, in  1.088 seconds
Platform modules already initialized, skipping
Refreshing native plugins compatible for Editor in 0.26 ms, found 1 plugins.
Preloading 0 native plugins for Editor in 0.00 ms.
Unloading 1159 Unused Serialized files (Serialized files now loaded: 0)
System memory in use before: 120.7 MB.
System memory in use after: 120.1 MB.

Unloading 19 unused Assets to reduce memory usage. Loaded Objects now: 1611.
Total: 2.600727 ms (FindLiveObjects: 0.299057 ms CreateObjectMapping: 0.086298 ms MarkObjects: 1.762867 ms  DeleteObjects: 0.450854 ms)

========================================================================
Received Import Request.
  Time since last request: 199.835172 seconds.
  path: Assets/TextMesh Pro/Resources/Fonts & Materials/LiberationSans SDF - Drop Shadow.mat
  artifactKey: Guid(e73a58f6e2794ae7b1b7e50b7fb811b0) Importer(815301076,1909f56bfc062723c751e8b465ee728b)
Start importing Assets/TextMesh Pro/Resources/Fonts & Materials/LiberationSans SDF - Drop Shadow.mat using Guid(e73a58f6e2794ae7b1b7e50b7fb811b0) Importer(815301076,1909f56bfc062723c751e8b465ee728b)  -> (artifact id: '2fd7872455b175c1dd9d5ae5a711fd74') in 0.957804 seconds
  Import took 0.961951 seconds .

========================================================================
Received Import Request.
  Time since last request: 0.000462 seconds.
  path: Assets/TextMesh Pro/Resources/Fonts & Materials/LiberationSans SDF - Outline.mat
  artifactKey: Guid(79459efec17a4d00a321bdcc27bbc385) Importer(815301076,1909f56bfc062723c751e8b465ee728b)
Start importing Assets/TextMesh Pro/Resources/Fonts & Materials/LiberationSans SDF - Outline.mat using Guid(79459efec17a4d00a321bdcc27bbc385) Importer(815301076,1909f56bfc062723c751e8b465ee728b)  -> (artifact id: 'f70f92f3ac9d5cb8aedcee45ba6edffb') in 0.183551 seconds
  Import took 0.186495 seconds .

========================================================================
Received Import Request.
  Time since last request: 0.000277 seconds.
  path: Assets/TextMesh Pro/Resources/Fonts & Materials/LiberationSans SDF - Fallback.asset
  artifactKey: Guid(2e498d1c8094910479dc3e1b768306a4) Importer(815301076,1909f56bfc062723c751e8b465ee728b)
Start importing Assets/TextMesh Pro/Resources/Fonts & Materials/LiberationSans SDF - Fallback.asset using Guid(2e498d1c8094910479dc3e1b768306a4) Importer(815301076,1909f56bfc062723c751e8b465ee728b)  -> (artifact id: '49275a6f0a05fb6fd0893f0c6fe8bd83') in 0.374613 seconds
  Import took 0.377546 seconds .

========================================================================
Received Import Request.
  Time since last request: 0.000399 seconds.
  path: Assets/TextMesh Pro/Resources/Fonts & Materials/LiberationSans SDF - Drop Shadow.mat
  artifactKey: Guid(e73a58f6e2794ae7b1b7e50b7fb811b0) Importer(815301076,1909f56bfc062723c751e8b465ee728b)
Start importing Assets/TextMesh Pro/Resources/Fonts & Materials/LiberationSans SDF - Drop Shadow.mat using Guid(e73a58f6e2794ae7b1b7e50b7fb811b0) Importer(815301076,1909f56bfc062723c751e8b465ee728b)  -> (artifact id: '2fd7872455b175c1dd9d5ae5a711fd74') in 0.023204 seconds
  Import took 0.026848 seconds .

========================================================================
Received Import Request.
  Time since last request: 0.000365 seconds.
  path: Assets/TextMesh Pro/Resources/Fonts & Materials/LiberationSans SDF - Fallback.asset
  artifactKey: Guid(2e498d1c8094910479dc3e1b768306a4) Importer(815301076,1909f56bfc062723c751e8b465ee728b)
Start importing Assets/TextMesh Pro/Resources/Fonts & Materials/LiberationSans SDF - Fallback.asset using Guid(2e498d1c8094910479dc3e1b768306a4) Importer(815301076,1909f56bfc062723c751e8b465ee728b)  -> (artifact id: '49275a6f0a05fb6fd0893f0c6fe8bd83') in 0.019867 seconds
  Import took 0.022681 seconds .

========================================================================
Received Import Request.
  Time since last request: 0.000551 seconds.
  path: Assets/TextMesh Pro/Resources/Fonts & Materials/LiberationSans SDF.asset
  artifactKey: Guid(8f586378b4e144a9851e7b34d9b748ee) Importer(815301076,1909f56bfc062723c751e8b465ee728b)
Start importing Assets/TextMesh Pro/Resources/Fonts & Materials/LiberationSans SDF.asset using Guid(8f586378b4e144a9851e7b34d9b748ee) Importer(815301076,1909f56bfc062723c751e8b465ee728b)  -> (artifact id: '2a7b1e1521afdd172079af04aa10e8dd') in 0.041551 seconds
  Import took 0.044143 seconds .

========================================================================
Received Import Request.
  Time since last request: 0.016913 seconds.
  path: Assets/TextMesh Pro/Resources/Fonts & Materials/LiberationSans SDF.asset
  artifactKey: Guid(8f586378b4e144a9851e7b34d9b748ee) Importer(815301076,1909f56bfc062723c751e8b465ee728b)
Start importing Assets/TextMesh Pro/Resources/Fonts & Materials/LiberationSans SDF.asset using Guid(8f586378b4e144a9851e7b34d9b748ee) Importer(815301076,1909f56bfc062723c751e8b465ee728b)  -> (artifact id: '2a7b1e1521afdd172079af04aa10e8dd') in 0.029084 seconds
  Import took 0.031421 seconds .

========================================================================
Received Import Request.
  Time since last request: 37.901429 seconds.
  path: Assets/TextMesh Pro/Resources/TMP Settings.asset
  artifactKey: Guid(3f5b5dff67a942289a9defa416b206f3) Importer(815301076,1909f56bfc062723c751e8b465ee728b)
Start importing Assets/TextMesh Pro/Resources/TMP Settings.asset using Guid(3f5b5dff67a942289a9defa416b206f3) Importer(815301076,1909f56bfc062723c751e8b465ee728b)  -> (artifact id: '16acb5d0712cad0c8602d6f8b3728de2') in 0.035521 seconds
  Import took 0.038653 seconds .

========================================================================
Received Import Request.
  Time since last request: 4.446654 seconds.
  path: Assets/TextMesh Pro/Shaders
  artifactKey: Guid(e9f693669af91aa45ad615fc681ed29f) Importer(815301076,1909f56bfc062723c751e8b465ee728b)
Start importing Assets/TextMesh Pro/Shaders using Guid(e9f693669af91aa45ad615fc681ed29f) Importer(815301076,1909f56bfc062723c751e8b465ee728b)  -> (artifact id: '705109be4066f82ebd0c8b43bbe8223a') in 0.001067 seconds
  Import took 0.003729 seconds .

========================================================================
Received Import Request.
  Time since last request: 6.445064 seconds.
  path: Assets/TextMesh Pro/Shaders/TMP_SDF Overlay.shader
  artifactKey: Guid(dd89cf5b9246416f84610a006f916af7) Importer(815301076,1909f56bfc062723c751e8b465ee728b)
Start importing Assets/TextMesh Pro/Shaders/TMP_SDF Overlay.shader using Guid(dd89cf5b9246416f84610a006f916af7) Importer(815301076,1909f56bfc062723c751e8b465ee728b)  -> (artifact id: '9a80720872abee1b50f62f114bebc4b6') in 0.192284 seconds
  Import took 0.194983 seconds .

========================================================================
Received Import Request.
  Time since last request: 0.629810 seconds.
  path: Assets/TextMesh Pro/Shaders/TMP_SDF Overlay.shader
  artifactKey: Guid(dd89cf5b9246416f84610a006f916af7) Importer(815301076,1909f56bfc062723c751e8b465ee728b)
Start importing Assets/TextMesh Pro/Shaders/TMP_SDF Overlay.shader using Guid(dd89cf5b9246416f84610a006f916af7) Importer(815301076,1909f56bfc062723c751e8b465ee728b)  -> (artifact id: '9a80720872abee1b50f62f114bebc4b6') in 0.005156 seconds
  Import took 0.007863 seconds .

========================================================================
Received Import Request.
  Time since last request: 0.688007 seconds.
  path: Assets/TextMesh Pro/Shaders/TMP_Bitmap.shader
  artifactKey: Guid(128e987d567d4e2c824d754223b3f3b0) Importer(815301076,1909f56bfc062723c751e8b465ee728b)
Start importing Assets/TextMesh Pro/Shaders/TMP_Bitmap.shader using Guid(128e987d567d4e2c824d754223b3f3b0) Importer(815301076,1909f56bfc062723c751e8b465ee728b)  -> (artifact id: '57f6405b772664204aa6095b2570cf3c') in 0.004900 seconds
  Import took 0.007658 seconds .

========================================================================
Received Import Request.
  Time since last request: 0.699418 seconds.
  path: Assets/TextMesh Pro/Shaders/TMP_Bitmap-Custom-Atlas.shader
  artifactKey: Guid(48bb5f55d8670e349b6e614913f9d910) Importer(815301076,1909f56bfc062723c751e8b465ee728b)
Start importing Assets/TextMesh Pro/Shaders/TMP_Bitmap-Custom-Atlas.shader using Guid(48bb5f55d8670e349b6e614913f9d910) Importer(815301076,1909f56bfc062723c751e8b465ee728b)  -> (artifact id: '76a03805532f2332b704ffa9029192f5') in 0.005005 seconds
  Import took 0.007715 seconds .

========================================================================
Received Import Request.
  Time since last request: 1.440257 seconds.
  path: Assets/TextMesh Pro/Shaders/TMP_SDF-Surface-Mobile.shader
  artifactKey: Guid(85187c2149c549c5b33f0cdb02836b17) Importer(815301076,1909f56bfc062723c751e8b465ee728b)
Start importing Assets/TextMesh Pro/Shaders/TMP_SDF-Surface-Mobile.shader using Guid(85187c2149c549c5b33f0cdb02836b17) Importer(815301076,1909f56bfc062723c751e8b465ee728b)  -> (artifact id: 'ded115e6a213d735ff74d24a36390586') in 0.005088 seconds
  Import took 0.007325 seconds .

========================================================================
Received Import Request.
  Time since last request: 0.615644 seconds.
  path: Assets/TextMesh Pro/Shaders/TMP_SDF.shader
  artifactKey: Guid(68e6db2ebdc24f95958faec2be5558d6) Importer(815301076,1909f56bfc062723c751e8b465ee728b)
Start importing Assets/TextMesh Pro/Shaders/TMP_SDF.shader using Guid(68e6db2ebdc24f95958faec2be5558d6) Importer(815301076,1909f56bfc062723c751e8b465ee728b)  -> (artifact id: 'bee4af50478108aa532145e2ec58082d') in 0.005539 seconds
  Import took 0.008151 seconds .

========================================================================
Received Import Request.
  Time since last request: 0.668193 seconds.
  path: Assets/TextMesh Pro/Shaders/TMP_SDF-Mobile Overlay.shader
  artifactKey: Guid(a02a7d8c237544f1962732b55a9aebf1) Importer(815301076,1909f56bfc062723c751e8b465ee728b)
Start importing Assets/TextMesh Pro/Shaders/TMP_SDF-Mobile Overlay.shader using Guid(a02a7d8c237544f1962732b55a9aebf1) Importer(815301076,1909f56bfc062723c751e8b465ee728b)  -> (artifact id: '64e8b3fc4d1de2f1f12a7b4adc103efd') in 0.004773 seconds
  Import took 0.006950 seconds .

========================================================================
Received Import Request.
  Time since last request: 0.650321 seconds.
  path: Assets/TextMesh Pro/Shaders/TMP_SDF-Mobile SSD.shader
  artifactKey: Guid(c8d12adcee749c344b8117cf7c7eb912) Importer(815301076,1909f56bfc062723c751e8b465ee728b)
Start importing Assets/TextMesh Pro/Shaders/TMP_SDF-Mobile SSD.shader using Guid(c8d12adcee749c344b8117cf7c7eb912) Importer(815301076,1909f56bfc062723c751e8b465ee728b)  -> (artifact id: 'f74f4dd97d915cd274cfea55df3806e2') in 0.004942 seconds
  Import took 0.007314 seconds .

========================================================================
Received Import Request.
  Time since last request: 11.226209 seconds.
  path: Assets/TextMesh Pro/Shaders/TMP_SDF-Mobile.shader
  artifactKey: Guid(fe393ace9b354375a9cb14cdbbc28be4) Importer(815301076,1909f56bfc062723c751e8b465ee728b)
Start importing Assets/TextMesh Pro/Shaders/TMP_SDF-Mobile.shader using Guid(fe393ace9b354375a9cb14cdbbc28be4) Importer(815301076,1909f56bfc062723c751e8b465ee728b)  -> (artifact id: '404b7cbfd8ebde3876ef45a4a434b42b') in 0.006137 seconds
  Import took 0.008711 seconds .

========================================================================
Received Import Request.
  Time since last request: 72.519347 seconds.
  path: Assets/TextMesh Pro/Shaders/TMP_SDF SSD.shader
  artifactKey: Guid(14eb328de4b8eb245bb7cea29e4ac00b) Importer(815301076,1909f56bfc062723c751e8b465ee728b)
Start importing Assets/TextMesh Pro/Shaders/TMP_SDF SSD.shader using Guid(14eb328de4b8eb245bb7cea29e4ac00b) Importer(815301076,1909f56bfc062723c751e8b465ee728b)  -> (artifact id: '7076eeb6c59e97ecff9c7baee706337e') in 0.005385 seconds
  Import took 0.008052 seconds .

========================================================================
Received Import Request.
  Time since last request: 3.047030 seconds.
  path: Assets/TextMesh Pro/Shaders/TMP_SDF-Mobile Custom.shader
  artifactKey: Guid(cc6b9184f43df48409b2300a28cce769) Importer(815301076,1909f56bfc062723c751e8b465ee728b)
Start importing Assets/TextMesh Pro/Shaders/TMP_SDF-Mobile Custom.shader using Guid(cc6b9184f43df48409b2300a28cce769) Importer(815301076,1909f56bfc062723c751e8b465ee728b)  -> (artifact id: 'fd37097d8dcacc6b5dbb171ddcc8a1d7') in 0.006660 seconds
  Import took 0.009120 seconds .

========================================================================
Received Import Request.
  Time since last request: 16.364828 seconds.
  path: Assets/TextMesh Pro/Shaders/TMP_SDF-Mobile Masking.shader
  artifactKey: Guid(bc1ede39bf3643ee8e493720e4259791) Importer(815301076,1909f56bfc062723c751e8b465ee728b)
Start importing Assets/TextMesh Pro/Shaders/TMP_SDF-Mobile Masking.shader using Guid(bc1ede39bf3643ee8e493720e4259791) Importer(815301076,1909f56bfc062723c751e8b465ee728b)  -> (artifact id: '8893c719de01ab74d3b966084cd42a8a') in 0.004785 seconds
  Import took 0.007399 seconds .

========================================================================
Received Import Request.
  Time since last request: 64.490965 seconds.
  path: Assets/TextMesh Pro/Fonts
  artifactKey: Guid(6ab70aee4d56447429c680537fbf93ed) Importer(815301076,1909f56bfc062723c751e8b465ee728b)
Start importing Assets/TextMesh Pro/Fonts using Guid(6ab70aee4d56447429c680537fbf93ed) Importer(815301076,1909f56bfc062723c751e8b465ee728b)  -> (artifact id: 'bdcee4fe86d105bc044dcd62a9bec285') in 0.002677 seconds
  Import took 0.005192 seconds .

========================================================================
Received Import Request.
  Time since last request: 0.075467 seconds.
  path: Assets/TextMesh Pro/Fonts/LiberationSans.ttf
  artifactKey: Guid(e3265ab4bf004d28a9537516768c1c75) Importer(815301076,1909f56bfc062723c751e8b465ee728b)
Start importing Assets/TextMesh Pro/Fonts/LiberationSans.ttf using Guid(e3265ab4bf004d28a9537516768c1c75) Importer(815301076,1909f56bfc062723c751e8b465ee728b)  -> (artifact id: '0670d8b8832b46f408fd0f13f39d99bc') in 2.052521 seconds
  Import took 2.055609 seconds .

========================================================================
Received Import Request.
  Time since last request: 0.953683 seconds.
  path: Assets/TextMesh Pro/Examples & Extras
  artifactKey: Guid(ce51c8e33b734b4db6086586558c53a3) Importer(815301076,1909f56bfc062723c751e8b465ee728b)
Start importing Assets/TextMesh Pro/Examples & Extras using Guid(ce51c8e33b734b4db6086586558c53a3) Importer(815301076,1909f56bfc062723c751e8b465ee728b)  -> (artifact id: 'd0e081215351516983a00e0488d6af6b') in 0.001038 seconds
  Import took 0.003478 seconds .

========================================================================
Received Import Request.
  Time since last request: 1.051792 seconds.
  path: Assets/TextMesh Pro/Examples & Extras/Fonts
  artifactKey: Guid(b63e0053080646b9819789bf3bf9fa17) Importer(815301076,1909f56bfc062723c751e8b465ee728b)
Start importing Assets/TextMesh Pro/Examples & Extras/Fonts using Guid(b63e0053080646b9819789bf3bf9fa17) Importer(815301076,1909f56bfc062723c751e8b465ee728b)  -> (artifact id: 'a75faf3c766493e662d1bcb4ee1470fe') in 0.001111 seconds
  Import took 0.003938 seconds .

========================================================================
Received Import Request.
  Time since last request: 0.078097 seconds.
  path: Assets/TextMesh Pro/Examples & Extras/Fonts/Anton.ttf
  artifactKey: Guid(997a43b767814dd0a7642ec9b78cba41) Importer(815301076,1909f56bfc062723c751e8b465ee728b)
Start importing Assets/TextMesh Pro/Examples & Extras/Fonts/Anton.ttf using Guid(997a43b767814dd0a7642ec9b78cba41) Importer(815301076,1909f56bfc062723c751e8b465ee728b)  -> (artifact id: 'a5eeec5b5db9dd68a753afb5a0d7bd78') in 0.012737 seconds
  Import took 0.016190 seconds .

========================================================================
Received Import Request.
  Time since last request: 0.000282 seconds.
  path: Assets/TextMesh Pro/Examples & Extras/Fonts/Oswald-Bold.ttf
  artifactKey: Guid(c9f6d0e7bc8541498c9a4799ba184ede) Importer(815301076,1909f56bfc062723c751e8b465ee728b)
Start importing Assets/TextMesh Pro/Examples & Extras/Fonts/Oswald-Bold.ttf using Guid(c9f6d0e7bc8541498c9a4799ba184ede) Importer(815301076,1909f56bfc062723c751e8b465ee728b)  -> (artifact id: '1bc122704e5ecafc6d21a01657e31e40') in 0.012682 seconds
  Import took 0.014784 seconds .

========================================================================
Received Import Request.
  Time since last request: 0.000284 seconds.
  path: Assets/TextMesh Pro/Examples & Extras/Fonts/Roboto-Bold.ttf
  artifactKey: Guid(4beb055f07aaff244873dec698d0363e) Importer(815301076,1909f56bfc062723c751e8b465ee728b)
Start importing Assets/TextMesh Pro/Examples & Extras/Fonts/Roboto-Bold.ttf using Guid(4beb055f07aaff244873dec698d0363e) Importer(815301076,1909f56bfc062723c751e8b465ee728b)  -> (artifact id: '16cdc4ffbbed6738d1d24193c1c33235') in 0.011865 seconds
  Import took 0.014041 seconds .

========================================================================
Received Import Request.
  Time since last request: 0.000280 seconds.
  path: Assets/TextMesh Pro/Examples & Extras/Fonts/Electronic Highway Sign.TTF
  artifactKey: Guid(8a2b9e2a607dd2143b58c44bc32410b4) Importer(815301076,1909f56bfc062723c751e8b465ee728b)
Start importing Assets/TextMesh Pro/Examples & Extras/Fonts/Electronic Highway Sign.TTF using Guid(8a2b9e2a607dd2143b58c44bc32410b4) Importer(815301076,1909f56bfc062723c751e8b465ee728b)  -> (artifact id: 'b9f22d3559c66fc4038ab090937e0ff2') in 2.096401 seconds
  Import took 2.098678 seconds .

========================================================================
Received Import Request.
  Time since last request: 0.000317 seconds.
  path: Assets/TextMesh Pro/Examples & Extras/Fonts/Bangers.ttf
  artifactKey: Guid(5dd49b3eacc540408c98eee0de38e0f1) Importer(815301076,1909f56bfc062723c751e8b465ee728b)
Start importing Assets/TextMesh Pro/Examples & Extras/Fonts/Bangers.ttf using Guid(5dd49b3eacc540408c98eee0de38e0f1) Importer(815301076,1909f56bfc062723c751e8b465ee728b)  -> (artifact id: '0165aa40c2ada662d912abaa815bc9d6') in 0.013160 seconds
  Import took 0.015171 seconds .

========================================================================
Received Prepare
Registering precompiled user dll's ...
Registered in 0.000472 seconds.
Begin MonoManager ReloadAssembly
Native extension for OSXStandalone target not found
Refreshing native plugins compatible for Editor in 0.27 ms, found 1 plugins.
Preloading 0 native plugins for Editor in 0.00 ms.
Mono: successfully reloaded assembly
- Completed reload, in  1.048 seconds
Platform modules already initialized, skipping
Refreshing native plugins compatible for Editor in 0.26 ms, found 1 plugins.
Preloading 0 native plugins for Editor in 0.00 ms.
Unloading 1160 Unused Serialized files (Serialized files now loaded: 0)
System memory in use before: 146.1 MB.
System memory in use after: 145.5 MB.

Unloading 18 unused Assets to reduce memory usage. Loaded Objects now: 1660.
Total: 2.103695 ms (FindLiveObjects: 0.223426 ms CreateObjectMapping: 0.047892 ms MarkObjects: 1.446487 ms  DeleteObjects: 0.384810 ms)

========================================================================
Received Prepare
Registering precompiled user dll's ...
Registered in 0.000378 seconds.
Begin MonoManager ReloadAssembly
Native extension for OSXStandalone target not found
Refreshing native plugins compatible for Editor in 0.26 ms, found 1 plugins.
Preloading 0 native plugins for Editor in 0.00 ms.
Mono: successfully reloaded assembly
- Completed reload, in  1.052 seconds
Platform modules already initialized, skipping
Refreshing native plugins compatible for Editor in 0.25 ms, found 1 plugins.
Preloading 0 native plugins for Editor in 0.00 ms.
Unloading 1159 Unused Serialized files (Serialized files now loaded: 0)
System memory in use before: 146.2 MB.
System memory in use after: 145.7 MB.

Unloading 18 unused Assets to reduce memory usage. Loaded Objects now: 1663.
Total: 2.162853 ms (FindLiveObjects: 0.210145 ms CreateObjectMapping: 0.050892 ms MarkObjects: 1.484376 ms  DeleteObjects: 0.416242 ms)

========================================================================
Received Prepare
Registering precompiled user dll's ...
Registered in 0.000850 seconds.
Begin MonoManager ReloadAssembly
Native extension for OSXStandalone target not found
Refreshing native plugins compatible for Editor in 0.24 ms, found 1 plugins.
Preloading 0 native plugins for Editor in 0.00 ms.
Mono: successfully reloaded assembly
- Completed reload, in  1.015 seconds
Platform modules already initialized, skipping
Refreshing native plugins compatible for Editor in 0.26 ms, found 1 plugins.
Preloading 0 native plugins for Editor in 0.00 ms.
Unloading 1159 Unused Serialized files (Serialized files now loaded: 0)
System memory in use before: 146.4 MB.
System memory in use after: 145.8 MB.

Unloading 18 unused Assets to reduce memory usage. Loaded Objects now: 1666.
Total: 2.299503 ms (FindLiveObjects: 0.191001 ms CreateObjectMapping: 0.040219 ms MarkObjects: 1.591399 ms  DeleteObjects: 0.475664 ms)

========================================================================
Received Prepare
Registering precompiled user dll's ...
Registered in 0.000386 seconds.
Begin MonoManager ReloadAssembly
Native extension for OSXStandalone target not found
Refreshing native plugins compatible for Editor in 0.50 ms, found 1 plugins.
Preloading 0 native plugins for Editor in 0.00 ms.
Mono: successfully reloaded assembly
- Completed reload, in  1.084 seconds
Platform modules already initialized, skipping
Refreshing native plugins compatible for Editor in 0.27 ms, found 1 plugins.
Preloading 0 native plugins for Editor in 0.00 ms.
Unloading 1159 Unused Serialized files (Serialized files now loaded: 0)
System memory in use before: 146.6 MB.
System memory in use after: 146.0 MB.

Unloading 18 unused Assets to reduce memory usage. Loaded Objects now: 1669.
Total: 2.325218 ms (FindLiveObjects: 0.237004 ms CreateObjectMapping: 0.056186 ms MarkObjects: 1.569576 ms  DeleteObjects: 0.461129 ms)

========================================================================
Received Prepare
Registering precompiled user dll's ...
Registered in 0.000415 seconds.
Begin MonoManager ReloadAssembly
Native extension for OSXStandalone target not found
Refreshing native plugins compatible for Editor in 0.33 ms, found 1 plugins.
Preloading 0 native plugins for Editor in 0.00 ms.
Mono: successfully reloaded assembly
- Completed reload, in  1.034 seconds
Platform modules already initialized, skipping
Refreshing native plugins compatible for Editor in 0.26 ms, found 1 plugins.
Preloading 0 native plugins for Editor in 0.00 ms.
Unloading 1159 Unused Serialized files (Serialized files now loaded: 0)
System memory in use before: 146.7 MB.
System memory in use after: 146.1 MB.

Unloading 18 unused Assets to reduce memory usage. Loaded Objects now: 1672.
Total: 2.597171 ms (FindLiveObjects: 0.220620 ms CreateObjectMapping: 0.085141 ms MarkObjects: 1.821121 ms  DeleteObjects: 0.469235 ms)

========================================================================
Received Import Request.
  Time since last request: 1248.325958 seconds.
  path: Assets/Scripts/QuitGameScript.cs
  artifactKey: Guid(d333eab852eb441a3a8f7fad8f67f2b0) Importer(815301076,1909f56bfc062723c751e8b465ee728b)
Start importing Assets/Scripts/QuitGameScript.cs using Guid(d333eab852eb441a3a8f7fad8f67f2b0) Importer(815301076,1909f56bfc062723c751e8b465ee728b)  -> (artifact id: '8fcf4ae51f8b96c35424a6b04e474f21') in 0.006737 seconds
  Import took 0.009793 seconds .

========================================================================
Received Prepare
Registering precompiled user dll's ...
Registered in 0.000457 seconds.
Begin MonoManager ReloadAssembly
Native extension for OSXStandalone target not found
Refreshing native plugins compatible for Editor in 0.26 ms, found 1 plugins.
Preloading 0 native plugins for Editor in 0.00 ms.
Mono: successfully reloaded assembly
- Completed reload, in  1.067 seconds
Platform modules already initialized, skipping
Refreshing native plugins compatible for Editor in 0.30 ms, found 1 plugins.
Preloading 0 native plugins for Editor in 0.00 ms.
Unloading 1159 Unused Serialized files (Serialized files now loaded: 0)
System memory in use before: 147.0 MB.
System memory in use after: 146.4 MB.

Unloading 18 unused Assets to reduce memory usage. Loaded Objects now: 1675.
Total: 2.889403 ms (FindLiveObjects: 0.272060 ms CreateObjectMapping: 0.157804 ms MarkObjects: 1.995096 ms  DeleteObjects: 0.461665 ms)

========================================================================
Received Prepare
Registering precompiled user dll's ...
Registered in 0.000398 seconds.
Begin MonoManager ReloadAssembly
Native extension for OSXStandalone target not found
Refreshing native plugins compatible for Editor in 0.25 ms, found 1 plugins.
Preloading 0 native plugins for Editor in 0.00 ms.
Mono: successfully reloaded assembly
- Completed reload, in  0.996 seconds
Platform modules already initialized, skipping
Refreshing native plugins compatible for Editor in 0.24 ms, found 1 plugins.
Preloading 0 native plugins for Editor in 0.00 ms.
Unloading 1159 Unused Serialized files (Serialized files now loaded: 0)
System memory in use before: 147.1 MB.
System memory in use after: 146.5 MB.

Unloading 18 unused Assets to reduce memory usage. Loaded Objects now: 1678.
Total: 2.665447 ms (FindLiveObjects: 0.280180 ms CreateObjectMapping: 0.055087 ms MarkObjects: 1.816912 ms  DeleteObjects: 0.509131 ms)

